Using pre-set license
Built from '2021.1/staging' branch; Version is '2021.1.9f1 (7a790e367ab3) revision 8026382'; Using compiler version '192528614'; Build Type 'Release'
OS: 'Windows 10 Home; OS build 19043.1706; Version 2009; 64bit' Language: 'en' Physical Memory: 6091 MB
BatchMode: 1, IsHumanControllingUs: 0, StartBugReporterOnCrash: 0, Is64bit: 1, IsPro: 0

 COMMAND LINE ARGUMENTS:
C:\Program Files\Unity\Hub\Editor\2021.1.9f1\Editor\Unity.exe
-adb2
-batchMode
-noUpm
-name
AssetImportWorker1
-projectPath
C:/Users/ben/Documents/GitHub/Fighter-Fighter-game-repository/Fighter Fighter unity project
-logFile
Logs/AssetImportWorker1.log
-srvPort
59028
Successfully changed project path to: C:/Users/ben/Documents/GitHub/Fighter-Fighter-game-repository/Fighter Fighter unity project
C:/Users/ben/Documents/GitHub/Fighter-Fighter-game-repository/Fighter Fighter unity project
Using Asset Import Pipeline V2.
Refreshing native plugins compatible for Editor in 166.51 ms, found 4 plugins.
Preloading 0 native plugins for Editor in 0.00 ms.
Initialize engine version: 2021.1.9f1 (7a790e367ab3)
[Subsystems] Discovering subsystems at path C:/Program Files/Unity/Hub/Editor/2021.1.9f1/Editor/Data/Resources/UnitySubsystems
[Subsystems] Discovering subsystems at path C:/Users/ben/Documents/GitHub/Fighter-Fighter-game-repository/Fighter Fighter unity project/Assets
GfxDevice: creating device client; threaded=0; jobified=0
Direct3D:
    Version:  Direct3D 11.0 [level 11.1]
    Renderer: AMD Radeon(TM) Vega 8 Graphics (ID=0x15d8)
    Vendor:   ATI
    VRAM:     3045 MB
    Driver:   27.20.11044.5003
Initialize mono
Mono path[0] = 'C:/Program Files/Unity/Hub/Editor/2021.1.9f1/Editor/Data/Managed'
Mono path[1] = 'C:/Program Files/Unity/Hub/Editor/2021.1.9f1/Editor/Data/MonoBleedingEdge/lib/mono/unityjit'
Mono config path = 'C:/Program Files/Unity/Hub/Editor/2021.1.9f1/Editor/Data/MonoBleedingEdge/etc'
Using monoOptions --debugger-agent=transport=dt_socket,embedding=1,server=y,suspend=n,address=127.0.0.1:56864
Begin MonoManager ReloadAssembly
Registering precompiled unity dll's ...
Register platform support module: C:/Program Files/Unity/Hub/Editor/2021.1.9f1/Editor/Data/PlaybackEngines/WebGLSupport/UnityEditor.WebGL.Extensions.dll
Register platform support module: C:/Program Files/Unity/Hub/Editor/2021.1.9f1/Editor/Data/PlaybackEngines/WindowsStandaloneSupport/UnityEditor.WindowsStandalone.Extensions.dll
Registered in 0.006667 seconds.
Native extension for WindowsStandalone target not found
Native extension for WebGL target not found
Refreshing native plugins compatible for Editor in 151.34 ms, found 4 plugins.
Preloading 0 native plugins for Editor in 0.00 ms.
Mono: successfully reloaded assembly
- Completed reload, in  4.368 seconds
Domain Reload Profiling:
	ReloadAssembly (4368ms)
		BeginReloadAssembly (82ms)
			ExecutionOrderSort (0ms)
			DisableScriptedObjects (0ms)
			BackupInstance (0ms)
			ReleaseScriptingObjects (0ms)
			CreateAndSetChildDomain (1ms)
		EndReloadAssembly (762ms)
			LoadAssemblies (79ms)
			RebuildTransferFunctionScriptingTraits (0ms)
			SetupTypeCache (257ms)
			ReleaseScriptCaches (0ms)
			RebuildScriptCaches (42ms)
			SetupLoadedEditorAssemblies (383ms)
				LogAssemblyErrors (0ms)
				InitializePlatformSupportModulesInManaged (9ms)
				SetLoadedEditorAssemblies (0ms)
				RefreshPlugins (151ms)
				BeforeProcessingInitializeOnLoad (2ms)
				ProcessInitializeOnLoadAttributes (169ms)
				ProcessInitializeOnLoadMethodAttributes (50ms)
				AfterProcessingInitializeOnLoad (0ms)
				EditorAssembliesLoaded (0ms)
			ExecutionOrderSort2 (0ms)
			AwakeInstancesAfterBackupRestoration (0ms)
Platform modules already initialized, skipping
Registering precompiled user dll's ...
Registered in 0.018649 seconds.
Begin MonoManager ReloadAssembly
Symbol file LoadedFromMemory doesn't match image C:\Users\ben\Documents\GitHub\Fighter-Fighter-game-repository\Fighter Fighter unity project\Library\PackageCache\com.unity.visualscripting@1.6.1\Editor\VisualScripting.Core\Dependencies\YamlDotNet\Unity.VisualScripting.YamlDotNet.dll
Symbol file LoadedFromMemory doesn't match image C:\Users\ben\Documents\GitHub\Fighter-Fighter-game-repository\Fighter Fighter unity project\Library\PackageCache\com.unity.visualscripting@1.6.1\Editor\VisualScripting.Core\Dependencies\DotNetZip\Unity.VisualScripting.IonicZip.dll
Native extension for WindowsStandalone target not found
Native extension for WebGL target not found
Refreshing native plugins compatible for Editor in 173.81 ms, found 4 plugins.
Preloading 0 native plugins for Editor in 0.00 ms.
Mono: successfully reloaded assembly
- Completed reload, in  5.119 seconds
Domain Reload Profiling:
	ReloadAssembly (5120ms)
		BeginReloadAssembly (226ms)
			ExecutionOrderSort (0ms)
			DisableScriptedObjects (6ms)
			BackupInstance (0ms)
			ReleaseScriptingObjects (0ms)
			CreateAndSetChildDomain (31ms)
		EndReloadAssembly (4790ms)
			LoadAssemblies (3003ms)
			RebuildTransferFunctionScriptingTraits (0ms)
			SetupTypeCache (681ms)
			ReleaseScriptCaches (1ms)
			RebuildScriptCaches (95ms)
			SetupLoadedEditorAssemblies (834ms)
				LogAssemblyErrors (0ms)
				InitializePlatformSupportModulesInManaged (9ms)
				SetLoadedEditorAssemblies (0ms)
				RefreshPlugins (174ms)
				BeforeProcessingInitializeOnLoad (161ms)
				ProcessInitializeOnLoadAttributes (447ms)
				ProcessInitializeOnLoadMethodAttributes (33ms)
				AfterProcessingInitializeOnLoad (10ms)
				EditorAssembliesLoaded (0ms)
			ExecutionOrderSort2 (0ms)
			AwakeInstancesAfterBackupRestoration (9ms)
Platform modules already initialized, skipping
========================================================================
Worker process is ready to serve import requests
Launched and connected shader compiler UnityShaderCompiler.exe after 0.07 seconds
Refreshing native plugins compatible for Editor in 1.05 ms, found 4 plugins.
Preloading 0 native plugins for Editor in 0.00 ms.
Unloading 3676 Unused Serialized files (Serialized files now loaded: 0)
System memory in use before: 138.2 MB.
System memory in use after: 138.3 MB.

Unloading 37 unused Assets to reduce memory usage. Loaded Objects now: 4125.
Total: 9.197100 ms (FindLiveObjects: 0.550200 ms CreateObjectMapping: 0.264500 ms MarkObjects: 8.083400 ms  DeleteObjects: 0.294500 ms)

AssetImportParameters requested are different than current active one (requested -> active):
  custom:framework-win-MediaFoundation: 216162199b28c13a410421893ffa2e32 -> 
  custom:video-decoder-ogg-theora: a1e56fd34408186e4bbccfd4996cb3dc -> 
  custom:container-muxer-webm: aa71ff27fc2769a1b78a27578f13a17b -> 
  custom:container-demuxer-webm: 4f35f7cbe854078d1ac9338744f61a02 -> 
  custom:container-demuxer-ogg: 62fdf1f143b41e24485cea50d1cbac27 -> 
  custom:video-encoder-webm-vp8: eb34c28f22e8b96e1ab97ce403110664 -> 
  custom:video-decoder-webm-vp8: 9c59270c3fd7afecdb556c50c9e8de78 -> 
  custom:audio-decoder-ogg-vorbis: bf7c407c2cedff20999df2af8eb42d56 -> 
  custom:audio-encoder-webm-vorbis: bf7c407c2cedff20999df2af8eb42d56 -> 
========================================================================
Received Import Request.
  path: Assets/Scenes/Win Screen.unity
  artifactKey: Guid(384a5765b74ba734193456ed38e31808) Importer(815301076,1909f56bfc062723c751e8b465ee728b)
Start importing Assets/Scenes/Win Screen.unity using Guid(384a5765b74ba734193456ed38e31808) Importer(815301076,1909f56bfc062723c751e8b465ee728b)  -> (artifact id: '31f81eba41b4f231be9629219c083e63') in 0.045590 seconds 
========================================================================
Received Import Request.
  Time since last request: 60.057063 seconds.
  path: Assets/TrophyCups
  artifactKey: Guid(943b3d9dde7a3a643a90cfa7b034d7eb) Importer(815301076,1909f56bfc062723c751e8b465ee728b)
Start importing Assets/TrophyCups using Guid(943b3d9dde7a3a643a90cfa7b034d7eb) Importer(815301076,1909f56bfc062723c751e8b465ee728b)  -> (artifact id: '555ffcfd387bd03329c0592fb80b02ed') in 0.027441 seconds 
========================================================================
Received Prepare
Registering precompiled user dll's ...
Registered in 0.023171 seconds.
Begin MonoManager ReloadAssembly
Symbol file LoadedFromMemory doesn't match image C:\Users\ben\Documents\GitHub\Fighter-Fighter-game-repository\Fighter Fighter unity project\Library\PackageCache\com.unity.visualscripting@1.6.1\Editor\VisualScripting.Core\Dependencies\YamlDotNet\Unity.VisualScripting.YamlDotNet.dll
Symbol file LoadedFromMemory doesn't match image C:\Users\ben\Documents\GitHub\Fighter-Fighter-game-repository\Fighter Fighter unity project\Library\PackageCache\com.unity.visualscripting@1.6.1\Editor\VisualScripting.Core\Dependencies\DotNetZip\Unity.VisualScripting.IonicZip.dll
Native extension for WindowsStandalone target not found
Native extension for WebGL target not found
Refreshing native plugins compatible for Editor in 1.23 ms, found 4 plugins.
Preloading 0 native plugins for Editor in 0.00 ms.
Mono: successfully reloaded assembly
- Completed reload, in  2.278 seconds
Domain Reload Profiling:
	ReloadAssembly (2279ms)
		BeginReloadAssembly (448ms)
			ExecutionOrderSort (0ms)
			DisableScriptedObjects (35ms)
			BackupInstance (0ms)
			ReleaseScriptingObjects (0ms)
			CreateAndSetChildDomain (261ms)
		EndReloadAssembly (1722ms)
			LoadAssemblies (287ms)
			RebuildTransferFunctionScriptingTraits (1ms)
			SetupTypeCache (641ms)
			ReleaseScriptCaches (2ms)
			RebuildScriptCaches (74ms)
			SetupLoadedEditorAssemblies (496ms)
				LogAssemblyErrors (0ms)
				InitializePlatformSupportModulesInManaged (9ms)
				SetLoadedEditorAssemblies (1ms)
				RefreshPlugins (2ms)
				BeforeProcessingInitializeOnLoad (106ms)
				ProcessInitializeOnLoadAttributes (351ms)
				ProcessInitializeOnLoadMethodAttributes (17ms)
				AfterProcessingInitializeOnLoad (10ms)
				EditorAssembliesLoaded (0ms)
			ExecutionOrderSort2 (0ms)
			AwakeInstancesAfterBackupRestoration (18ms)
Platform modules already initialized, skipping
Refreshing native plugins compatible for Editor in 1.05 ms, found 4 plugins.
Preloading 0 native plugins for Editor in 0.00 ms.
Unloading 3671 Unused Serialized files (Serialized files now loaded: 0)
System memory in use before: 138.3 MB.
System memory in use after: 138.4 MB.

Unloading 25 unused Assets to reduce memory usage. Loaded Objects now: 4129.
Total: 16.384900 ms (FindLiveObjects: 1.406800 ms CreateObjectMapping: 0.576700 ms MarkObjects: 13.443900 ms  DeleteObjects: 0.953400 ms)

AssetImportParameters requested are different than current active one (requested -> active):
  custom:framework-win-MediaFoundation: 216162199b28c13a410421893ffa2e32 -> 
  custom:video-decoder-ogg-theora: a1e56fd34408186e4bbccfd4996cb3dc -> 
  custom:container-muxer-webm: aa71ff27fc2769a1b78a27578f13a17b -> 
  custom:container-demuxer-webm: 4f35f7cbe854078d1ac9338744f61a02 -> 
  custom:container-demuxer-ogg: 62fdf1f143b41e24485cea50d1cbac27 -> 
  custom:video-encoder-webm-vp8: eb34c28f22e8b96e1ab97ce403110664 -> 
  custom:video-decoder-webm-vp8: 9c59270c3fd7afecdb556c50c9e8de78 -> 
  custom:audio-decoder-ogg-vorbis: bf7c407c2cedff20999df2af8eb42d56 -> 
  custom:audio-encoder-webm-vorbis: bf7c407c2cedff20999df2af8eb42d56 -> 
========================================================================
Received Import Request.
  Time since last request: 30.546319 seconds.
  path: Assets/sprites/pixil-frame-0(5) 1.png
  artifactKey: Guid(7e24a1597f3440d499881cf021c889be) Importer(815301076,1909f56bfc062723c751e8b465ee728b)
Start importing Assets/sprites/pixil-frame-0(5) 1.png using Guid(7e24a1597f3440d499881cf021c889be) Importer(815301076,1909f56bfc062723c751e8b465ee728b)  -> (artifact id: 'fa386064788472f468f354f853ae8452') in 0.220427 seconds 
========================================================================
Received Import Request.
  Time since last request: 17.626350 seconds.
  path: Assets/sprites/pixil-frame-0(5).png
  artifactKey: Guid(7e24a1597f3440d499881cf021c889be) Importer(815301076,1909f56bfc062723c751e8b465ee728b)
Start importing Assets/sprites/pixil-frame-0(5).png using Guid(7e24a1597f3440d499881cf021c889be) Importer(815301076,1909f56bfc062723c751e8b465ee728b)  -> (artifact id: '949a4a4aa58f677412d5a3564d677dce') in 0.035813 seconds 
========================================================================
Received Import Request.
  Time since last request: 7528.409755 seconds.
  path: Assets/Scenes/Menu.unity
  artifactKey: Guid(3b50abe575fb23943b7a3938dcd3f40d) Importer(815301076,1909f56bfc062723c751e8b465ee728b)
Start importing Assets/Scenes/Menu.unity using Guid(3b50abe575fb23943b7a3938dcd3f40d) Importer(815301076,1909f56bfc062723c751e8b465ee728b)  -> (artifact id: 'b779bbc867bf14ffc51bd75ac33e44a7') in 0.085858 seconds 
========================================================================
Received Import Request.
  Time since last request: 447.475704 seconds.
  path: Assets/Prefabs/Enemy.prefab
  artifactKey: Guid(61275af3a87efb8479100e2c17e06237) Importer(815301076,1909f56bfc062723c751e8b465ee728b)
Start importing Assets/Prefabs/Enemy.prefab using Guid(61275af3a87efb8479100e2c17e06237) Importer(815301076,1909f56bfc062723c751e8b465ee728b)  -> (artifact id: '32524d76952a0f36790e2d2f267caa72') in 0.568665 seconds 
========================================================================
Received Import Request.
  Time since last request: 0.967717 seconds.
  path: Assets/Prefabs/StrongEnemy Variant.prefab
  artifactKey: Guid(97d68f79212c6b146974123c6c9e509e) Importer(815301076,1909f56bfc062723c751e8b465ee728b)
Start importing Assets/Prefabs/StrongEnemy Variant.prefab using Guid(97d68f79212c6b146974123c6c9e509e) Importer(815301076,1909f56bfc062723c751e8b465ee728b)  -> (artifact id: '6ab52959682ed375edc52ad43dc325c0') in 0.072382 seconds 
========================================================================
Received Import Request.
  Time since last request: 9.680569 seconds.
  path: Assets/Scenes/Swarm.unity
  artifactKey: Guid(b6dd0c9912197ee4baa8f259ba599488) Importer(815301076,1909f56bfc062723c751e8b465ee728b)
Start importing Assets/Scenes/Swarm.unity using Guid(b6dd0c9912197ee4baa8f259ba599488) Importer(815301076,1909f56bfc062723c751e8b465ee728b)  -> (artifact id: '2838d1f5d0659ee3b02e4bf20791cee3') in 0.022275 seconds 
========================================================================
Received Prepare
Registering precompiled user dll's ...
Registered in 0.019221 seconds.
Begin MonoManager ReloadAssembly
Symbol file LoadedFromMemory doesn't match image C:\Users\ben\Documents\GitHub\Fighter-Fighter-game-repository\Fighter Fighter unity project\Library\PackageCache\com.unity.visualscripting@1.6.1\Editor\VisualScripting.Core\Dependencies\YamlDotNet\Unity.VisualScripting.YamlDotNet.dll
Symbol file LoadedFromMemory doesn't match image C:\Users\ben\Documents\GitHub\Fighter-Fighter-game-repository\Fighter Fighter unity project\Library\PackageCache\com.unity.visualscripting@1.6.1\Editor\VisualScripting.Core\Dependencies\DotNetZip\Unity.VisualScripting.IonicZip.dll
Native extension for WindowsStandalone target not found
Native extension for WebGL target not found
Refreshing native plugins compatible for Editor in 1.39 ms, found 4 plugins.
Preloading 0 native plugins for Editor in 0.00 ms.
Mono: successfully reloaded assembly
- Completed reload, in  2.508 seconds
Domain Reload Profiling:
	ReloadAssembly (2509ms)
		BeginReloadAssembly (567ms)
			ExecutionOrderSort (0ms)
			DisableScriptedObjects (52ms)
			BackupInstance (0ms)
			ReleaseScriptingObjects (0ms)
			CreateAndSetChildDomain (349ms)
		EndReloadAssembly (1823ms)
			LoadAssemblies (229ms)
			RebuildTransferFunctionScriptingTraits (1ms)
			SetupTypeCache (672ms)
			ReleaseScriptCaches (4ms)
			RebuildScriptCaches (87ms)
			SetupLoadedEditorAssemblies (595ms)
				LogAssemblyErrors (0ms)
				InitializePlatformSupportModulesInManaged (14ms)
				SetLoadedEditorAssemblies (1ms)
				RefreshPlugins (2ms)
				BeforeProcessingInitializeOnLoad (132ms)
				ProcessInitializeOnLoadAttributes (417ms)
				ProcessInitializeOnLoadMethodAttributes (16ms)
				AfterProcessingInitializeOnLoad (12ms)
				EditorAssembliesLoaded (1ms)
			ExecutionOrderSort2 (0ms)
			AwakeInstancesAfterBackupRestoration (27ms)
Platform modules already initialized, skipping
Refreshing native plugins compatible for Editor in 0.88 ms, found 4 plugins.
Preloading 0 native plugins for Editor in 0.00 ms.
Unloading 3672 Unused Serialized files (Serialized files now loaded: 0)
System memory in use before: 144.9 MB.
System memory in use after: 145.0 MB.

Unloading 25 unused Assets to reduce memory usage. Loaded Objects now: 4172.
Total: 3.863300 ms (FindLiveObjects: 0.440000 ms CreateObjectMapping: 0.166600 ms MarkObjects: 3.120300 ms  DeleteObjects: 0.134700 ms)

AssetImportParameters requested are different than current active one (requested -> active):
  custom:framework-win-MediaFoundation: 216162199b28c13a410421893ffa2e32 -> 
  custom:video-decoder-ogg-theora: a1e56fd34408186e4bbccfd4996cb3dc -> 
  custom:container-muxer-webm: aa71ff27fc2769a1b78a27578f13a17b -> 
  custom:container-demuxer-webm: 4f35f7cbe854078d1ac9338744f61a02 -> 
  custom:container-demuxer-ogg: 62fdf1f143b41e24485cea50d1cbac27 -> 
  custom:video-encoder-webm-vp8: eb34c28f22e8b96e1ab97ce403110664 -> 
  custom:video-decoder-webm-vp8: 9c59270c3fd7afecdb556c50c9e8de78 -> 
  custom:audio-decoder-ogg-vorbis: bf7c407c2cedff20999df2af8eb42d56 -> 
  custom:audio-encoder-webm-vorbis: bf7c407c2cedff20999df2af8eb42d56 -> 
========================================================================
Received Import Request.
  Time since last request: 4575.559620 seconds.
  path: Assets/Scenes/Menu.unity
  artifactKey: Guid(3b50abe575fb23943b7a3938dcd3f40d) Importer(815301076,1909f56bfc062723c751e8b465ee728b)
Start importing Assets/Scenes/Menu.unity using Guid(3b50abe575fb23943b7a3938dcd3f40d) Importer(815301076,1909f56bfc062723c751e8b465ee728b)  -> (artifact id: '9bb0e22a2d1063cd88e164ac4fa24e69') in 0.733409 seconds 
========================================================================
Received Import Request.
  Time since last request: 14730.284301 seconds.
  path: Assets/Scenes/Win Screen.unity
  artifactKey: Guid(384a5765b74ba734193456ed38e31808) Importer(815301076,1909f56bfc062723c751e8b465ee728b)
Start importing Assets/Scenes/Win Screen.unity using Guid(384a5765b74ba734193456ed38e31808) Importer(815301076,1909f56bfc062723c751e8b465ee728b)  -> (artifact id: '282920537259e8cd21c538f149162db4') in 0.039288 seconds 
========================================================================
Received Import Request.
  Time since last request: 2853.514136 seconds.
  path: Assets/Scenes/Fonts
  artifactKey: Guid(6ec44d974484a704f8d23b68a19c69d9) Importer(815301076,1909f56bfc062723c751e8b465ee728b)
Start importing Assets/Scenes/Fonts using Guid(6ec44d974484a704f8d23b68a19c69d9) Importer(815301076,1909f56bfc062723c751e8b465ee728b)  -> (artifact id: 'cc5713a9c2d85818a676e4776990a3c7') in 0.021665 seconds 
========================================================================
Received Import Request.
  Time since last request: 13.336200 seconds.
  path: Assets/Scenes/Menu.unity
  artifactKey: Guid(3b50abe575fb23943b7a3938dcd3f40d) Importer(815301076,1909f56bfc062723c751e8b465ee728b)
Start importing Assets/Scenes/Menu.unity using Guid(3b50abe575fb23943b7a3938dcd3f40d) Importer(815301076,1909f56bfc062723c751e8b465ee728b)  -> (artifact id: '0abaa9f5a3e587e0336463cfbdd714a5') in 0.011569 seconds 
